;  LST file generated by mikroListExporter - v.2.0 
; Date/Time: 23/06/2025 4:56:54 pm
;----------------------------------------------

;Address Opcode 	ASM
0x0000	0x2924      	GOTO       292
_Delay_50us:
;__Lib_Delays.c,19 :: 		void Delay_50us() {
;__Lib_Delays.c,20 :: 		Delay_us(50);
0x0003	0x3021      	MOVLW      33
0x0004	0x1283      	BCF        STATUS, 5
0x0005	0x1303      	BCF        STATUS, 6
0x0006	0x00FD      	MOVWF      R13
L_Delay_50us2:
0x0007	0x0BFD      	DECFSZ     R13, 1
0x0008	0x2807      	GOTO       L_Delay_50us2
;__Lib_Delays.c,21 :: 		}
L_end_Delay_50us:
0x0009	0x0008      	RETURN
; end of _Delay_50us
_Delay_5500us:
;__Lib_Delays.c,31 :: 		void Delay_5500us() {
;__Lib_Delays.c,32 :: 		Delay_us(5500);
0x000A	0x300F      	MOVLW      15
0x000B	0x1283      	BCF        STATUS, 5
0x000C	0x1303      	BCF        STATUS, 6
0x000D	0x00FC      	MOVWF      R12
0x000E	0x3047      	MOVLW      71
0x000F	0x00FD      	MOVWF      R13
L_Delay_5500us5:
0x0010	0x0BFD      	DECFSZ     R13, 1
0x0011	0x2810      	GOTO       L_Delay_5500us5
0x0012	0x0BFC      	DECFSZ     R12, 1
0x0013	0x2810      	GOTO       L_Delay_5500us5
0x0014	0x0000      	NOP
0x0015	0x0000      	NOP
;__Lib_Delays.c,33 :: 		}
L_end_Delay_5500us:
0x0016	0x0008      	RETURN
; end of _Delay_5500us
_Delay_1us:
;__Lib_Delays.c,7 :: 		void Delay_1us() {
;__Lib_Delays.c,8 :: 		Delay_us(1);
0x0017	0x0000      	NOP
0x0018	0x0000      	NOP
;__Lib_Delays.c,9 :: 		}
L_end_Delay_1us:
0x0019	0x0008      	RETURN
; end of _Delay_1us
_Lcd_Cmd:
;__Lib_Lcd.c,18 :: 		
;__Lib_Lcd.c,20 :: 		
0x001A	0x1683      	BSF        STATUS, 5
0x001B	0x1303      	BCF        STATUS, 6
0x001C	0x1BBF      	BTFSC      FARG_Lcd_Cmd_out_char, 7
0x001D	0x2821      	GOTO       L__Lcd_Cmd21
0x001E	0x1283      	BCF        STATUS, 5
0x001F	0x1287      	BCF        LCD_D7, BitPos(LCD_D7+0)
0x0020	0x2823      	GOTO       L__Lcd_Cmd22
L__Lcd_Cmd21:
0x0021	0x1283      	BCF        STATUS, 5
0x0022	0x1687      	BSF        LCD_D7, BitPos(LCD_D7+0)
L__Lcd_Cmd22:
;__Lib_Lcd.c,21 :: 		
0x0023	0x1683      	BSF        STATUS, 5
0x0024	0x1B3F      	BTFSC      FARG_Lcd_Cmd_out_char, 6
0x0025	0x2829      	GOTO       L__Lcd_Cmd23
0x0026	0x1283      	BCF        STATUS, 5
0x0027	0x1207      	BCF        LCD_D6, BitPos(LCD_D6+0)
0x0028	0x282B      	GOTO       L__Lcd_Cmd24
L__Lcd_Cmd23:
0x0029	0x1283      	BCF        STATUS, 5
0x002A	0x1607      	BSF        LCD_D6, BitPos(LCD_D6+0)
L__Lcd_Cmd24:
;__Lib_Lcd.c,22 :: 		
0x002B	0x1683      	BSF        STATUS, 5
0x002C	0x1ABF      	BTFSC      FARG_Lcd_Cmd_out_char, 5
0x002D	0x2831      	GOTO       L__Lcd_Cmd25
0x002E	0x1283      	BCF        STATUS, 5
0x002F	0x1187      	BCF        LCD_D5, BitPos(LCD_D5+0)
0x0030	0x2833      	GOTO       L__Lcd_Cmd26
L__Lcd_Cmd25:
0x0031	0x1283      	BCF        STATUS, 5
0x0032	0x1587      	BSF        LCD_D5, BitPos(LCD_D5+0)
L__Lcd_Cmd26:
;__Lib_Lcd.c,23 :: 		
0x0033	0x1683      	BSF        STATUS, 5
0x0034	0x1A3F      	BTFSC      FARG_Lcd_Cmd_out_char, 4
0x0035	0x2839      	GOTO       L__Lcd_Cmd27
0x0036	0x1283      	BCF        STATUS, 5
0x0037	0x1107      	BCF        LCD_D4, BitPos(LCD_D4+0)
0x0038	0x283B      	GOTO       L__Lcd_Cmd28
L__Lcd_Cmd27:
0x0039	0x1283      	BCF        STATUS, 5
0x003A	0x1507      	BSF        LCD_D4, BitPos(LCD_D4+0)
L__Lcd_Cmd28:
;__Lib_Lcd.c,25 :: 		
0x003B	0x1683      	BSF        STATUS, 5
0x003C	0x1839      	BTFSC      __Lib_Lcd_cmd_status, BitPos(__Lib_Lcd_cmd_status+0)
0x003D	0x2841      	GOTO       L__Lcd_Cmd29
0x003E	0x1283      	BCF        STATUS, 5
0x003F	0x1407      	BSF        LCD_RS, BitPos(LCD_RS+0)
0x0040	0x2843      	GOTO       L__Lcd_Cmd30
L__Lcd_Cmd29:
0x0041	0x1283      	BCF        STATUS, 5
0x0042	0x1007      	BCF        LCD_RS, BitPos(LCD_RS+0)
L__Lcd_Cmd30:
;__Lib_Lcd.c,28 :: 		
0x0043	0x1487      	BSF        LCD_EN, BitPos(LCD_EN+0)
;__Lib_Lcd.c,29 :: 		
0x0044	0x2017      	CALL       _Delay_1us
;__Lib_Lcd.c,30 :: 		
0x0045	0x1087      	BCF        LCD_EN, BitPos(LCD_EN+0)
;__Lib_Lcd.c,33 :: 		
0x0046	0x1683      	BSF        STATUS, 5
0x0047	0x19BF      	BTFSC      FARG_Lcd_Cmd_out_char, 3
0x0048	0x284C      	GOTO       L__Lcd_Cmd31
0x0049	0x1283      	BCF        STATUS, 5
0x004A	0x1287      	BCF        LCD_D7, BitPos(LCD_D7+0)
0x004B	0x284E      	GOTO       L__Lcd_Cmd32
L__Lcd_Cmd31:
0x004C	0x1283      	BCF        STATUS, 5
0x004D	0x1687      	BSF        LCD_D7, BitPos(LCD_D7+0)
L__Lcd_Cmd32:
;__Lib_Lcd.c,34 :: 		
0x004E	0x1683      	BSF        STATUS, 5
0x004F	0x193F      	BTFSC      FARG_Lcd_Cmd_out_char, 2
0x0050	0x2854      	GOTO       L__Lcd_Cmd33
0x0051	0x1283      	BCF        STATUS, 5
0x0052	0x1207      	BCF        LCD_D6, BitPos(LCD_D6+0)
0x0053	0x2856      	GOTO       L__Lcd_Cmd34
L__Lcd_Cmd33:
0x0054	0x1283      	BCF        STATUS, 5
0x0055	0x1607      	BSF        LCD_D6, BitPos(LCD_D6+0)
L__Lcd_Cmd34:
;__Lib_Lcd.c,35 :: 		
0x0056	0x1683      	BSF        STATUS, 5
0x0057	0x18BF      	BTFSC      FARG_Lcd_Cmd_out_char, 1
0x0058	0x285C      	GOTO       L__Lcd_Cmd35
0x0059	0x1283      	BCF        STATUS, 5
0x005A	0x1187      	BCF        LCD_D5, BitPos(LCD_D5+0)
0x005B	0x285E      	GOTO       L__Lcd_Cmd36
L__Lcd_Cmd35:
0x005C	0x1283      	BCF        STATUS, 5
0x005D	0x1587      	BSF        LCD_D5, BitPos(LCD_D5+0)
L__Lcd_Cmd36:
;__Lib_Lcd.c,36 :: 		
0x005E	0x1683      	BSF        STATUS, 5
0x005F	0x183F      	BTFSC      FARG_Lcd_Cmd_out_char, 0
0x0060	0x2864      	GOTO       L__Lcd_Cmd37
0x0061	0x1283      	BCF        STATUS, 5
0x0062	0x1107      	BCF        LCD_D4, BitPos(LCD_D4+0)
0x0063	0x2866      	GOTO       L__Lcd_Cmd38
L__Lcd_Cmd37:
0x0064	0x1283      	BCF        STATUS, 5
0x0065	0x1507      	BSF        LCD_D4, BitPos(LCD_D4+0)
L__Lcd_Cmd38:
;__Lib_Lcd.c,38 :: 		
0x0066	0x1683      	BSF        STATUS, 5
0x0067	0x1839      	BTFSC      __Lib_Lcd_cmd_status, BitPos(__Lib_Lcd_cmd_status+0)
0x0068	0x286C      	GOTO       L__Lcd_Cmd39
0x0069	0x1283      	BCF        STATUS, 5
0x006A	0x1407      	BSF        LCD_RS, BitPos(LCD_RS+0)
0x006B	0x286E      	GOTO       L__Lcd_Cmd40
L__Lcd_Cmd39:
0x006C	0x1283      	BCF        STATUS, 5
0x006D	0x1007      	BCF        LCD_RS, BitPos(LCD_RS+0)
L__Lcd_Cmd40:
;__Lib_Lcd.c,40 :: 		
0x006E	0x1487      	BSF        LCD_EN, BitPos(LCD_EN+0)
;__Lib_Lcd.c,41 :: 		
0x006F	0x2017      	CALL       _Delay_1us
;__Lib_Lcd.c,42 :: 		
0x0070	0x1087      	BCF        LCD_EN, BitPos(LCD_EN+0)
;__Lib_Lcd.c,44 :: 		
0x0071	0x1683      	BSF        STATUS, 5
0x0072	0x1C39      	BTFSS      __Lib_Lcd_cmd_status, BitPos(__Lib_Lcd_cmd_status+0)
0x0073	0x2876      	GOTO       L_Lcd_Cmd0
;__Lib_Lcd.c,45 :: 		
0x0074	0x200A      	CALL       _Delay_5500us
0x0075	0x2877      	GOTO       L_Lcd_Cmd1
L_Lcd_Cmd0:
;__Lib_Lcd.c,47 :: 		
0x0076	0x2003      	CALL       _Delay_50us
L_Lcd_Cmd1:
;__Lib_Lcd.c,48 :: 		
L_end_Lcd_Cmd:
0x0077	0x0008      	RETURN
; end of _Lcd_Cmd
_____DoICP:
;__Lib_System.c,6 :: 		
;__Lib_System.c,9 :: 		
0x0078	0x1683      	BSF        STATUS, 5
0x0079	0x1303      	BCF        STATUS, 6
0x007A	0x0838      	MOVF       ___DoICPAddr+1, 0
0x007B	0x008A      	MOVWF      PCLATH
;__Lib_System.c,10 :: 		
0x007C	0x0837      	MOVF       ___DoICPAddr, 0
0x007D	0x0082      	MOVWF      PCL
;__Lib_System.c,12 :: 		
L_end_____DoICP:
0x007E	0x0008      	RETURN
; end of _____DoICP
_Lcd_Chr_CP:
;__Lib_Lcd.c,50 :: 		
;__Lib_Lcd.c,52 :: 		
0x007F	0x1683      	BSF        STATUS, 5
0x0080	0x1303      	BCF        STATUS, 6
0x0081	0x1039      	BCF        __Lib_Lcd_cmd_status, BitPos(__Lib_Lcd_cmd_status+0)
;__Lib_Lcd.c,53 :: 		
0x0082	0x083E      	MOVF       FARG_Lcd_Chr_CP_out_char, 0
0x0083	0x00BF      	MOVWF      FARG_Lcd_Cmd_out_char
0x0084	0x201A      	CALL       _Lcd_Cmd
;__Lib_Lcd.c,54 :: 		
0x0085	0x1683      	BSF        STATUS, 5
0x0086	0x1439      	BSF        __Lib_Lcd_cmd_status, BitPos(__Lib_Lcd_cmd_status+0)
;__Lib_Lcd.c,55 :: 		
L_end_Lcd_Chr_CP:
0x0087	0x0008      	RETURN
; end of _Lcd_Chr_CP
_Lcd_Init:
;__Lib_Lcd.c,84 :: 		
;__Lib_Lcd.c,86 :: 		
0x0088	0x1683      	BSF        STATUS, 5
0x0089	0x1303      	BCF        STATUS, 6
0x008A	0x1087      	BCF        LCD_EN_Direction, BitPos(LCD_EN_Direction+0)
;__Lib_Lcd.c,87 :: 		
0x008B	0x1007      	BCF        LCD_RS_Direction, BitPos(LCD_RS_Direction+0)
;__Lib_Lcd.c,88 :: 		
0x008C	0x1107      	BCF        LCD_D4_Direction, BitPos(LCD_D4_Direction+0)
;__Lib_Lcd.c,89 :: 		
0x008D	0x1187      	BCF        LCD_D5_Direction, BitPos(LCD_D5_Direction+0)
;__Lib_Lcd.c,90 :: 		
0x008E	0x1207      	BCF        LCD_D6_Direction, BitPos(LCD_D6_Direction+0)
;__Lib_Lcd.c,91 :: 		
0x008F	0x1287      	BCF        LCD_D7_Direction, BitPos(LCD_D7_Direction+0)
;__Lib_Lcd.c,93 :: 		
0x0090	0x1283      	BCF        STATUS, 5
0x0091	0x1087      	BCF        LCD_EN, BitPos(LCD_EN+0)
;__Lib_Lcd.c,94 :: 		
0x0092	0x1007      	BCF        LCD_RS, BitPos(LCD_RS+0)
;__Lib_Lcd.c,95 :: 		
0x0093	0x1287      	BCF        LCD_D7, BitPos(LCD_D7+0)
;__Lib_Lcd.c,96 :: 		
0x0094	0x1207      	BCF        LCD_D6, BitPos(LCD_D6+0)
;__Lib_Lcd.c,97 :: 		
0x0095	0x1187      	BCF        LCD_D5, BitPos(LCD_D5+0)
;__Lib_Lcd.c,98 :: 		
0x0096	0x1107      	BCF        LCD_D4, BitPos(LCD_D4+0)
;__Lib_Lcd.c,100 :: 		
0x0097	0x200A      	CALL       _Delay_5500us
;__Lib_Lcd.c,101 :: 		
0x0098	0x200A      	CALL       _Delay_5500us
;__Lib_Lcd.c,102 :: 		
0x0099	0x200A      	CALL       _Delay_5500us
;__Lib_Lcd.c,105 :: 		
0x009A	0x1587      	BSF        LCD_D5, BitPos(LCD_D5+0)
;__Lib_Lcd.c,106 :: 		
0x009B	0x1507      	BSF        LCD_D4, BitPos(LCD_D4+0)
;__Lib_Lcd.c,107 :: 		
0x009C	0x1487      	BSF        LCD_EN, BitPos(LCD_EN+0)
;__Lib_Lcd.c,108 :: 		
0x009D	0x2017      	CALL       _Delay_1us
;__Lib_Lcd.c,109 :: 		
0x009E	0x1087      	BCF        LCD_EN, BitPos(LCD_EN+0)
;__Lib_Lcd.c,110 :: 		
0x009F	0x200A      	CALL       _Delay_5500us
;__Lib_Lcd.c,112 :: 		
0x00A0	0x1487      	BSF        LCD_EN, BitPos(LCD_EN+0)
;__Lib_Lcd.c,113 :: 		
0x00A1	0x2017      	CALL       _Delay_1us
;__Lib_Lcd.c,114 :: 		
0x00A2	0x1087      	BCF        LCD_EN, BitPos(LCD_EN+0)
;__Lib_Lcd.c,115 :: 		
0x00A3	0x200A      	CALL       _Delay_5500us
;__Lib_Lcd.c,117 :: 		
0x00A4	0x1487      	BSF        LCD_EN, BitPos(LCD_EN+0)
;__Lib_Lcd.c,118 :: 		
0x00A5	0x2017      	CALL       _Delay_1us
;__Lib_Lcd.c,119 :: 		
0x00A6	0x1087      	BCF        LCD_EN, BitPos(LCD_EN+0)
;__Lib_Lcd.c,120 :: 		
0x00A7	0x200A      	CALL       _Delay_5500us
;__Lib_Lcd.c,123 :: 		
0x00A8	0x1107      	BCF        LCD_D4, BitPos(LCD_D4+0)
;__Lib_Lcd.c,124 :: 		
0x00A9	0x1487      	BSF        LCD_EN, BitPos(LCD_EN+0)
;__Lib_Lcd.c,125 :: 		
0x00AA	0x2017      	CALL       _Delay_1us
;__Lib_Lcd.c,126 :: 		
0x00AB	0x1087      	BCF        LCD_EN, BitPos(LCD_EN+0)
;__Lib_Lcd.c,127 :: 		
0x00AC	0x200A      	CALL       _Delay_5500us
;__Lib_Lcd.c,130 :: 		
0x00AD	0x1487      	BSF        LCD_EN, BitPos(LCD_EN+0)
;__Lib_Lcd.c,131 :: 		
0x00AE	0x2017      	CALL       _Delay_1us
;__Lib_Lcd.c,132 :: 		
0x00AF	0x1087      	BCF        LCD_EN, BitPos(LCD_EN+0)
;__Lib_Lcd.c,134 :: 		
0x00B0	0x1187      	BCF        LCD_D5, BitPos(LCD_D5+0)
;__Lib_Lcd.c,135 :: 		
0x00B1	0x1687      	BSF        LCD_D7, BitPos(LCD_D7+0)
;__Lib_Lcd.c,136 :: 		
0x00B2	0x1487      	BSF        LCD_EN, BitPos(LCD_EN+0)
;__Lib_Lcd.c,137 :: 		
0x00B3	0x2017      	CALL       _Delay_1us
;__Lib_Lcd.c,138 :: 		
0x00B4	0x1087      	BCF        LCD_EN, BitPos(LCD_EN+0)
;__Lib_Lcd.c,139 :: 		
0x00B5	0x200A      	CALL       _Delay_5500us
;__Lib_Lcd.c,142 :: 		
0x00B6	0x1287      	BCF        LCD_D7, BitPos(LCD_D7+0)
;__Lib_Lcd.c,143 :: 		
0x00B7	0x1507      	BSF        LCD_D4, BitPos(LCD_D4+0)
;__Lib_Lcd.c,144 :: 		
0x00B8	0x1487      	BSF        LCD_EN, BitPos(LCD_EN+0)
;__Lib_Lcd.c,145 :: 		
0x00B9	0x2017      	CALL       _Delay_1us
;__Lib_Lcd.c,146 :: 		
0x00BA	0x1087      	BCF        LCD_EN, BitPos(LCD_EN+0)
;__Lib_Lcd.c,148 :: 		
0x00BB	0x1107      	BCF        LCD_D4, BitPos(LCD_D4+0)
;__Lib_Lcd.c,149 :: 		
0x00BC	0x1487      	BSF        LCD_EN, BitPos(LCD_EN+0)
;__Lib_Lcd.c,150 :: 		
0x00BD	0x2017      	CALL       _Delay_1us
;__Lib_Lcd.c,151 :: 		
0x00BE	0x1087      	BCF        LCD_EN, BitPos(LCD_EN+0)
;__Lib_Lcd.c,152 :: 		
0x00BF	0x200A      	CALL       _Delay_5500us
;__Lib_Lcd.c,155 :: 		
0x00C0	0x1487      	BSF        LCD_EN, BitPos(LCD_EN+0)
;__Lib_Lcd.c,156 :: 		
0x00C1	0x2017      	CALL       _Delay_1us
;__Lib_Lcd.c,157 :: 		
0x00C2	0x1087      	BCF        LCD_EN, BitPos(LCD_EN+0)
;__Lib_Lcd.c,159 :: 		
0x00C3	0x1507      	BSF        LCD_D4, BitPos(LCD_D4+0)
;__Lib_Lcd.c,160 :: 		
0x00C4	0x1487      	BSF        LCD_EN, BitPos(LCD_EN+0)
;__Lib_Lcd.c,161 :: 		
0x00C5	0x2017      	CALL       _Delay_1us
;__Lib_Lcd.c,162 :: 		
0x00C6	0x1087      	BCF        LCD_EN, BitPos(LCD_EN+0)
;__Lib_Lcd.c,163 :: 		
0x00C7	0x200A      	CALL       _Delay_5500us
;__Lib_Lcd.c,166 :: 		
0x00C8	0x1107      	BCF        LCD_D4, BitPos(LCD_D4+0)
;__Lib_Lcd.c,167 :: 		
0x00C9	0x1487      	BSF        LCD_EN, BitPos(LCD_EN+0)
;__Lib_Lcd.c,168 :: 		
0x00CA	0x2017      	CALL       _Delay_1us
;__Lib_Lcd.c,169 :: 		
0x00CB	0x1087      	BCF        LCD_EN, BitPos(LCD_EN+0)
;__Lib_Lcd.c,171 :: 		
0x00CC	0x1687      	BSF        LCD_D7, BitPos(LCD_D7+0)
;__Lib_Lcd.c,172 :: 		
0x00CD	0x1607      	BSF        LCD_D6, BitPos(LCD_D6+0)
;__Lib_Lcd.c,173 :: 		
0x00CE	0x1587      	BSF        LCD_D5, BitPos(LCD_D5+0)
;__Lib_Lcd.c,174 :: 		
0x00CF	0x1507      	BSF        LCD_D4, BitPos(LCD_D4+0)
;__Lib_Lcd.c,175 :: 		
0x00D0	0x1487      	BSF        LCD_EN, BitPos(LCD_EN+0)
;__Lib_Lcd.c,176 :: 		
0x00D1	0x2017      	CALL       _Delay_1us
;__Lib_Lcd.c,177 :: 		
0x00D2	0x1087      	BCF        LCD_EN, BitPos(LCD_EN+0)
;__Lib_Lcd.c,179 :: 		
0x00D3	0x200A      	CALL       _Delay_5500us
;__Lib_Lcd.c,181 :: 		
0x00D4	0x1683      	BSF        STATUS, 5
0x00D5	0x1439      	BSF        __Lib_Lcd_cmd_status, BitPos(__Lib_Lcd_cmd_status+0)
;__Lib_Lcd.c,182 :: 		
L_end_Lcd_Init:
0x00D6	0x0008      	RETURN
; end of _Lcd_Init
_Lcd_Out:
;__Lib_Lcd.c,184 :: 		
;__Lib_Lcd.c,187 :: 		
0x00D7	0x28E9      	GOTO       L_Lcd_Out11
;__Lib_Lcd.c,188 :: 		
L_Lcd_Out13:
0x00D8	0x3080      	MOVLW      128
0x00D9	0x1683      	BSF        STATUS, 5
0x00DA	0x1303      	BCF        STATUS, 6
0x00DB	0x00BA      	MOVWF      FARG_Lcd_Out_row
0x00DC	0x28FC      	GOTO       L_Lcd_Out12
;__Lib_Lcd.c,189 :: 		
L_Lcd_Out14:
0x00DD	0x30C0      	MOVLW      192
0x00DE	0x00BA      	MOVWF      FARG_Lcd_Out_row
0x00DF	0x28FC      	GOTO       L_Lcd_Out12
;__Lib_Lcd.c,190 :: 		
L_Lcd_Out15:
0x00E0	0x3094      	MOVLW      148
0x00E1	0x00BA      	MOVWF      FARG_Lcd_Out_row
0x00E2	0x28FC      	GOTO       L_Lcd_Out12
;__Lib_Lcd.c,191 :: 		
L_Lcd_Out16:
0x00E3	0x30D4      	MOVLW      212
0x00E4	0x00BA      	MOVWF      FARG_Lcd_Out_row
0x00E5	0x28FC      	GOTO       L_Lcd_Out12
;__Lib_Lcd.c,192 :: 		
L_Lcd_Out17:
0x00E6	0x3080      	MOVLW      128
0x00E7	0x00BA      	MOVWF      FARG_Lcd_Out_row
;__Lib_Lcd.c,193 :: 		
0x00E8	0x28FC      	GOTO       L_Lcd_Out12
L_Lcd_Out11:
0x00E9	0x1683      	BSF        STATUS, 5
0x00EA	0x1303      	BCF        STATUS, 6
0x00EB	0x083A      	MOVF       FARG_Lcd_Out_row, 0
0x00EC	0x3A01      	XORLW      1
0x00ED	0x1903      	BTFSC      STATUS, 2
0x00EE	0x28D8      	GOTO       L_Lcd_Out13
0x00EF	0x083A      	MOVF       FARG_Lcd_Out_row, 0
0x00F0	0x3A02      	XORLW      2
0x00F1	0x1903      	BTFSC      STATUS, 2
0x00F2	0x28DD      	GOTO       L_Lcd_Out14
0x00F3	0x083A      	MOVF       FARG_Lcd_Out_row, 0
0x00F4	0x3A03      	XORLW      3
0x00F5	0x1903      	BTFSC      STATUS, 2
0x00F6	0x28E0      	GOTO       L_Lcd_Out15
0x00F7	0x083A      	MOVF       FARG_Lcd_Out_row, 0
0x00F8	0x3A04      	XORLW      4
0x00F9	0x1903      	BTFSC      STATUS, 2
0x00FA	0x28E3      	GOTO       L_Lcd_Out16
0x00FB	0x28E6      	GOTO       L_Lcd_Out17
L_Lcd_Out12:
;__Lib_Lcd.c,194 :: 		
0x00FC	0x033B      	DECF       FARG_Lcd_Out_column, 0
0x00FD	0x00F0      	MOVWF      R0
0x00FE	0x083A      	MOVF       FARG_Lcd_Out_row, 0
0x00FF	0x07F0      	ADDWF      R0, 1
0x0100	0x0870      	MOVF       R0, 0
0x0101	0x00BA      	MOVWF      FARG_Lcd_Out_row
;__Lib_Lcd.c,196 :: 		
0x0102	0x0870      	MOVF       R0, 0
0x0103	0x00BF      	MOVWF      FARG_Lcd_Cmd_out_char
0x0104	0x201A      	CALL       _Lcd_Cmd
;__Lib_Lcd.c,197 :: 		
0x0105	0x1683      	BSF        STATUS, 5
0x0106	0x1039      	BCF        __Lib_Lcd_cmd_status, BitPos(__Lib_Lcd_cmd_status+0)
;__Lib_Lcd.c,198 :: 		
0x0107	0x01BD      	CLRF       Lcd_Out_i_L0
;__Lib_Lcd.c,199 :: 		
L_Lcd_Out18:
0x0108	0x083D      	MOVF       Lcd_Out_i_L0, 0
0x0109	0x073C      	ADDWF      FARG_Lcd_Out_text, 0
0x010A	0x0084      	MOVWF      FSR
0x010B	0x0800      	MOVF       INDF, 0
0x010C	0x1903      	BTFSC      STATUS, 2
0x010D	0x2916      	GOTO       L_Lcd_Out19
;__Lib_Lcd.c,200 :: 		
0x010E	0x083D      	MOVF       Lcd_Out_i_L0, 0
0x010F	0x073C      	ADDWF      FARG_Lcd_Out_text, 0
0x0110	0x0084      	MOVWF      FSR
0x0111	0x0800      	MOVF       INDF, 0
0x0112	0x00BE      	MOVWF      FARG_Lcd_Chr_CP_out_char
0x0113	0x207F      	CALL       _Lcd_Chr_CP
0x0114	0x0ABD      	INCF       Lcd_Out_i_L0, 1
0x0115	0x2908      	GOTO       L_Lcd_Out18
L_Lcd_Out19:
;__Lib_Lcd.c,201 :: 		
0x0116	0x1439      	BSF        __Lib_Lcd_cmd_status, BitPos(__Lib_Lcd_cmd_status+0)
;__Lib_Lcd.c,202 :: 		
L_end_Lcd_Out:
0x0117	0x0008      	RETURN
; end of _Lcd_Out
___CC2DW:
;__Lib_System.c,134 :: 		
;__Lib_System.c,137 :: 		
_CC2D_Loop1:
;__Lib_System.c,139 :: 		
0x0118	0x2078      	CALL       _____DoICP
0x0119	0x118A      	BCF        PCLATH, 3
0x011A	0x120A      	BCF        PCLATH, 4
;__Lib_System.c,141 :: 		
0x011B	0x0080      	MOVWF      INDF
;__Lib_System.c,142 :: 		
0x011C	0x0A84      	INCF       FSR, 1
;__Lib_System.c,143 :: 		
0x011D	0x0AB7      	INCF       ___DoICPAddr, 1
;__Lib_System.c,145 :: 		
0x011E	0x1903      	BTFSC      STATUS, 2
;__Lib_System.c,146 :: 		
0x011F	0x0AB8      	INCF       ___DoICPAddr+1, 1
;__Lib_System.c,147 :: 		
0x0120	0x03F0      	DECF       R0, 1
;__Lib_System.c,149 :: 		
0x0121	0x1D03      	BTFSS      STATUS, 2
;__Lib_System.c,150 :: 		
0x0122	0x2918      	GOTO       _CC2D_Loop1
;__Lib_System.c,152 :: 		
L_end___CC2DW:
0x0123	0x0008      	RETURN
; end of ___CC2DW
_main:
0x0124	0x2248      	CALL       584
;MyProject.c,15 :: 		void main() {
;MyProject.c,16 :: 		ADCON1 = 0x07;
0x0125	0x3007      	MOVLW      7
0x0126	0x1683      	BSF        STATUS, 5
0x0127	0x1303      	BCF        STATUS, 6
0x0128	0x009F      	MOVWF      ADCON1
;MyProject.c,17 :: 		TRISA = 11111111;
0x0129	0x30C7      	MOVLW      199
0x012A	0x0085      	MOVWF      TRISA
;MyProject.c,18 :: 		TRISB = 00000000;
0x012B	0x0186      	CLRF       TRISB
;MyProject.c,19 :: 		TRISC = 00000000;
0x012C	0x0187      	CLRF       TRISC
;MyProject.c,20 :: 		portb=0;
0x012D	0x1283      	BCF        STATUS, 5
0x012E	0x0186      	CLRF       PORTB
;MyProject.c,21 :: 		Lcd_Init();
0x012F	0x2088      	CALL       _Lcd_Init
;MyProject.c,22 :: 		Lcd_Out(1,1,"the Circuit is ready to use");
0x0130	0x3001      	MOVLW      1
0x0131	0x00BA      	MOVWF      FARG_Lcd_Out_row
0x0132	0x3001      	MOVLW      1
0x0133	0x00BB      	MOVWF      FARG_Lcd_Out_column
0x0134	0x3020      	MOVLW      ?lstr1_MyProject
0x0135	0x00BC      	MOVWF      FARG_Lcd_Out_text
0x0136	0x20D7      	CALL       _Lcd_Out
;MyProject.c,23 :: 		Delay_ms(500);
0x0137	0x3006      	MOVLW      6
0x0138	0x00FB      	MOVWF      R11
0x0139	0x3013      	MOVLW      19
0x013A	0x00FC      	MOVWF      R12
0x013B	0x30AD      	MOVLW      173
0x013C	0x00FD      	MOVWF      R13
L_main0:
0x013D	0x0BFD      	DECFSZ     R13, 1
0x013E	0x293D      	GOTO       L_main0
0x013F	0x0BFC      	DECFSZ     R12, 1
0x0140	0x293D      	GOTO       L_main0
0x0141	0x0BFB      	DECFSZ     R11, 1
0x0142	0x293D      	GOTO       L_main0
0x0143	0x0000      	NOP
0x0144	0x0000      	NOP
;MyProject.c,24 :: 		while (1) {
L_main1:
;MyProject.c,25 :: 		if (porta.b0==1){
0x0145	0x1283      	BCF        STATUS, 5
0x0146	0x1C05      	BTFSS      PORTA, 0
0x0147	0x2964      	GOTO       L_main3
;MyProject.c,26 :: 		portb.b0=1;
0x0148	0x1406      	BSF        PORTB, 0
;MyProject.c,27 :: 		Lcd_Cmd(_LCD_CLEAR);
0x0149	0x3001      	MOVLW      1
0x014A	0x1683      	BSF        STATUS, 5
0x014B	0x00BF      	MOVWF      FARG_Lcd_Cmd_out_char
0x014C	0x201A      	CALL       _Lcd_Cmd
;MyProject.c,28 :: 		Lcd_Out(1, 1, "Output: 12V");
0x014D	0x3001      	MOVLW      1
0x014E	0x1683      	BSF        STATUS, 5
0x014F	0x00BA      	MOVWF      FARG_Lcd_Out_row
0x0150	0x3001      	MOVLW      1
0x0151	0x00BB      	MOVWF      FARG_Lcd_Out_column
0x0152	0x30AB      	MOVLW      ?lstr2_MyProject
0x0153	0x00BC      	MOVWF      FARG_Lcd_Out_text
0x0154	0x20D7      	CALL       _Lcd_Out
;MyProject.c,29 :: 		Delay_ms(500);
0x0155	0x3006      	MOVLW      6
0x0156	0x00FB      	MOVWF      R11
0x0157	0x3013      	MOVLW      19
0x0158	0x00FC      	MOVWF      R12
0x0159	0x30AD      	MOVLW      173
0x015A	0x00FD      	MOVWF      R13
L_main4:
0x015B	0x0BFD      	DECFSZ     R13, 1
0x015C	0x295B      	GOTO       L_main4
0x015D	0x0BFC      	DECFSZ     R12, 1
0x015E	0x295B      	GOTO       L_main4
0x015F	0x0BFB      	DECFSZ     R11, 1
0x0160	0x295B      	GOTO       L_main4
0x0161	0x0000      	NOP
0x0162	0x0000      	NOP
;MyProject.c,30 :: 		}
0x0163	0x29DA      	GOTO       L_main5
L_main3:
;MyProject.c,31 :: 		else if(porta.b1==1){
0x0164	0x1283      	BCF        STATUS, 5
0x0165	0x1C85      	BTFSS      PORTA, 1
0x0166	0x2983      	GOTO       L_main6
;MyProject.c,32 :: 		portb.b1=1;
0x0167	0x1486      	BSF        PORTB, 1
;MyProject.c,33 :: 		Lcd_Cmd(_LCD_CLEAR);
0x0168	0x3001      	MOVLW      1
0x0169	0x1683      	BSF        STATUS, 5
0x016A	0x00BF      	MOVWF      FARG_Lcd_Cmd_out_char
0x016B	0x201A      	CALL       _Lcd_Cmd
;MyProject.c,34 :: 		Lcd_Out(1, 1, "Output: 9V");
0x016C	0x3001      	MOVLW      1
0x016D	0x1683      	BSF        STATUS, 5
0x016E	0x00BA      	MOVWF      FARG_Lcd_Out_row
0x016F	0x3001      	MOVLW      1
0x0170	0x00BB      	MOVWF      FARG_Lcd_Out_column
0x0171	0x30A0      	MOVLW      ?lstr3_MyProject
0x0172	0x00BC      	MOVWF      FARG_Lcd_Out_text
0x0173	0x20D7      	CALL       _Lcd_Out
;MyProject.c,35 :: 		Delay_ms(500);
0x0174	0x3006      	MOVLW      6
0x0175	0x00FB      	MOVWF      R11
0x0176	0x3013      	MOVLW      19
0x0177	0x00FC      	MOVWF      R12
0x0178	0x30AD      	MOVLW      173
0x0179	0x00FD      	MOVWF      R13
L_main7:
0x017A	0x0BFD      	DECFSZ     R13, 1
0x017B	0x297A      	GOTO       L_main7
0x017C	0x0BFC      	DECFSZ     R12, 1
0x017D	0x297A      	GOTO       L_main7
0x017E	0x0BFB      	DECFSZ     R11, 1
0x017F	0x297A      	GOTO       L_main7
0x0180	0x0000      	NOP
0x0181	0x0000      	NOP
;MyProject.c,36 :: 		}
0x0182	0x29DA      	GOTO       L_main8
L_main6:
;MyProject.c,37 :: 		else if(porta.b2==1){
0x0183	0x1283      	BCF        STATUS, 5
0x0184	0x1D05      	BTFSS      PORTA, 2
0x0185	0x29A1      	GOTO       L_main9
;MyProject.c,39 :: 		Lcd_Cmd(_LCD_CLEAR);
0x0186	0x3001      	MOVLW      1
0x0187	0x1683      	BSF        STATUS, 5
0x0188	0x00BF      	MOVWF      FARG_Lcd_Cmd_out_char
0x0189	0x201A      	CALL       _Lcd_Cmd
;MyProject.c,40 :: 		Lcd_Out(1, 1, "Output: 5V");
0x018A	0x3001      	MOVLW      1
0x018B	0x1683      	BSF        STATUS, 5
0x018C	0x00BA      	MOVWF      FARG_Lcd_Out_row
0x018D	0x3001      	MOVLW      1
0x018E	0x00BB      	MOVWF      FARG_Lcd_Out_column
0x018F	0x3049      	MOVLW      ?lstr4_MyProject
0x0190	0x00BC      	MOVWF      FARG_Lcd_Out_text
0x0191	0x20D7      	CALL       _Lcd_Out
;MyProject.c,41 :: 		Delay_ms(500);
0x0192	0x3006      	MOVLW      6
0x0193	0x00FB      	MOVWF      R11
0x0194	0x3013      	MOVLW      19
0x0195	0x00FC      	MOVWF      R12
0x0196	0x30AD      	MOVLW      173
0x0197	0x00FD      	MOVWF      R13
L_main10:
0x0198	0x0BFD      	DECFSZ     R13, 1
0x0199	0x2998      	GOTO       L_main10
0x019A	0x0BFC      	DECFSZ     R12, 1
0x019B	0x2998      	GOTO       L_main10
0x019C	0x0BFB      	DECFSZ     R11, 1
0x019D	0x2998      	GOTO       L_main10
0x019E	0x0000      	NOP
0x019F	0x0000      	NOP
;MyProject.c,42 :: 		}
0x01A0	0x29DA      	GOTO       L_main11
L_main9:
;MyProject.c,46 :: 		else if(porta.b3==1){
0x01A1	0x1283      	BCF        STATUS, 5
0x01A2	0x1D85      	BTFSS      PORTA, 3
0x01A3	0x29C0      	GOTO       L_main12
;MyProject.c,47 :: 		portb.b3=1;
0x01A4	0x1586      	BSF        PORTB, 3
;MyProject.c,48 :: 		Lcd_Cmd(_LCD_CLEAR);
0x01A5	0x3001      	MOVLW      1
0x01A6	0x1683      	BSF        STATUS, 5
0x01A7	0x00BF      	MOVWF      FARG_Lcd_Cmd_out_char
0x01A8	0x201A      	CALL       _Lcd_Cmd
;MyProject.c,49 :: 		Lcd_Out(1, 1, "Output: 3,3V");
0x01A9	0x3001      	MOVLW      1
0x01AA	0x1683      	BSF        STATUS, 5
0x01AB	0x00BA      	MOVWF      FARG_Lcd_Out_row
0x01AC	0x3001      	MOVLW      1
0x01AD	0x00BB      	MOVWF      FARG_Lcd_Out_column
0x01AE	0x303C      	MOVLW      ?lstr5_MyProject
0x01AF	0x00BC      	MOVWF      FARG_Lcd_Out_text
0x01B0	0x20D7      	CALL       _Lcd_Out
;MyProject.c,50 :: 		Delay_ms(500);
0x01B1	0x3006      	MOVLW      6
0x01B2	0x00FB      	MOVWF      R11
0x01B3	0x3013      	MOVLW      19
0x01B4	0x00FC      	MOVWF      R12
0x01B5	0x30AD      	MOVLW      173
0x01B6	0x00FD      	MOVWF      R13
L_main13:
0x01B7	0x0BFD      	DECFSZ     R13, 1
0x01B8	0x29B7      	GOTO       L_main13
0x01B9	0x0BFC      	DECFSZ     R12, 1
0x01BA	0x29B7      	GOTO       L_main13
0x01BB	0x0BFB      	DECFSZ     R11, 1
0x01BC	0x29B7      	GOTO       L_main13
0x01BD	0x0000      	NOP
0x01BE	0x0000      	NOP
;MyProject.c,51 :: 		}
0x01BF	0x29DA      	GOTO       L_main14
L_main12:
0x01C0	0x1683      	BSF        STATUS, 5
;MyProject.c,53 :: 		Lcd_Cmd(_LCD_CLEAR);
0x01C1	0x3001      	MOVLW      1
0x01C2	0x00BF      	MOVWF      FARG_Lcd_Cmd_out_char
0x01C3	0x201A      	CALL       _Lcd_Cmd
;MyProject.c,54 :: 		Lcd_Out(1,1,"the Circuit is ready to use");
0x01C4	0x3001      	MOVLW      1
0x01C5	0x1683      	BSF        STATUS, 5
0x01C6	0x00BA      	MOVWF      FARG_Lcd_Out_row
0x01C7	0x3001      	MOVLW      1
0x01C8	0x00BB      	MOVWF      FARG_Lcd_Out_column
0x01C9	0x3054      	MOVLW      ?lstr6_MyProject
0x01CA	0x00BC      	MOVWF      FARG_Lcd_Out_text
0x01CB	0x20D7      	CALL       _Lcd_Out
;MyProject.c,55 :: 		Delay_ms(500);
0x01CC	0x3006      	MOVLW      6
0x01CD	0x00FB      	MOVWF      R11
0x01CE	0x3013      	MOVLW      19
0x01CF	0x00FC      	MOVWF      R12
0x01D0	0x30AD      	MOVLW      173
0x01D1	0x00FD      	MOVWF      R13
L_main15:
0x01D2	0x0BFD      	DECFSZ     R13, 1
0x01D3	0x29D2      	GOTO       L_main15
0x01D4	0x0BFC      	DECFSZ     R12, 1
0x01D5	0x29D2      	GOTO       L_main15
0x01D6	0x0BFB      	DECFSZ     R11, 1
0x01D7	0x29D2      	GOTO       L_main15
0x01D8	0x0000      	NOP
0x01D9	0x0000      	NOP
;MyProject.c,57 :: 		}
L_main14:
L_main11:
L_main8:
L_main5:
;MyProject.c,58 :: 		}
0x01DA	0x2945      	GOTO       L_main1
;MyProject.c,59 :: 		}
L_end_main:
0x01DB	0x29DB      	GOTO       $+0
; end of _main
0x0248	0x3020      	MOVLW      32
0x0249	0x0084      	MOVWF      FSR
0x024A	0x3050      	MOVLW      80
0x024B	0x1283      	BCF        STATUS, 5
0x024C	0x1303      	BCF        STATUS, 6
0x024D	0x00F0      	MOVWF      R0
0x024E	0x30E1      	MOVLW      225
0x024F	0x1683      	BSF        STATUS, 5
0x0250	0x00B7      	MOVWF      ___DoICPAddr
0x0251	0x3001      	MOVLW      1
0x0252	0x00B8      	MOVWF      184
0x0253	0x2118      	CALL       280
0x0254	0x30A0      	MOVLW      160
0x0255	0x0084      	MOVWF      FSR
0x0256	0x3017      	MOVLW      23
0x0257	0x00F0      	MOVWF      R0
0x0258	0x3031      	MOVLW      49
0x0259	0x1683      	BSF        STATUS, 5
0x025A	0x00B7      	MOVWF      ___DoICPAddr
0x025B	0x3002      	MOVLW      2
0x025C	0x00B8      	MOVWF      184
0x025D	0x2118      	CALL       280
0x025E	0x0008      	RETURN
;MyProject.c,0 :: ?ICS?lstr1_MyProject
0x01E1	0x3474 ;?ICS?lstr1_MyProject+0
0x01E2	0x3468 ;?ICS?lstr1_MyProject+1
0x01E3	0x3465 ;?ICS?lstr1_MyProject+2
0x01E4	0x3420 ;?ICS?lstr1_MyProject+3
0x01E5	0x3443 ;?ICS?lstr1_MyProject+4
0x01E6	0x3469 ;?ICS?lstr1_MyProject+5
0x01E7	0x3472 ;?ICS?lstr1_MyProject+6
0x01E8	0x3463 ;?ICS?lstr1_MyProject+7
0x01E9	0x3475 ;?ICS?lstr1_MyProject+8
0x01EA	0x3469 ;?ICS?lstr1_MyProject+9
0x01EB	0x3474 ;?ICS?lstr1_MyProject+10
0x01EC	0x3420 ;?ICS?lstr1_MyProject+11
0x01ED	0x3469 ;?ICS?lstr1_MyProject+12
0x01EE	0x3473 ;?ICS?lstr1_MyProject+13
0x01EF	0x3420 ;?ICS?lstr1_MyProject+14
0x01F0	0x3472 ;?ICS?lstr1_MyProject+15
0x01F1	0x3465 ;?ICS?lstr1_MyProject+16
0x01F2	0x3461 ;?ICS?lstr1_MyProject+17
0x01F3	0x3464 ;?ICS?lstr1_MyProject+18
0x01F4	0x3479 ;?ICS?lstr1_MyProject+19
0x01F5	0x3420 ;?ICS?lstr1_MyProject+20
0x01F6	0x3474 ;?ICS?lstr1_MyProject+21
0x01F7	0x346F ;?ICS?lstr1_MyProject+22
0x01F8	0x3420 ;?ICS?lstr1_MyProject+23
0x01F9	0x3475 ;?ICS?lstr1_MyProject+24
0x01FA	0x3473 ;?ICS?lstr1_MyProject+25
0x01FB	0x3465 ;?ICS?lstr1_MyProject+26
0x01FC	0x3400 ;?ICS?lstr1_MyProject+27
; end of ?ICS?lstr1_MyProject
;MyProject.c,0 :: ?ICS?lstr5_MyProject
0x01FD	0x344F ;?ICS?lstr5_MyProject+0
0x01FE	0x3475 ;?ICS?lstr5_MyProject+1
0x01FF	0x3474 ;?ICS?lstr5_MyProject+2
0x0200	0x3470 ;?ICS?lstr5_MyProject+3
0x0201	0x3475 ;?ICS?lstr5_MyProject+4
0x0202	0x3474 ;?ICS?lstr5_MyProject+5
0x0203	0x343A ;?ICS?lstr5_MyProject+6
0x0204	0x3420 ;?ICS?lstr5_MyProject+7
0x0205	0x3433 ;?ICS?lstr5_MyProject+8
0x0206	0x342C ;?ICS?lstr5_MyProject+9
0x0207	0x3433 ;?ICS?lstr5_MyProject+10
0x0208	0x3456 ;?ICS?lstr5_MyProject+11
0x0209	0x3400 ;?ICS?lstr5_MyProject+12
; end of ?ICS?lstr5_MyProject
;MyProject.c,0 :: ?ICS?lstr4_MyProject
0x020A	0x344F ;?ICS?lstr4_MyProject+0
0x020B	0x3475 ;?ICS?lstr4_MyProject+1
0x020C	0x3474 ;?ICS?lstr4_MyProject+2
0x020D	0x3470 ;?ICS?lstr4_MyProject+3
0x020E	0x3475 ;?ICS?lstr4_MyProject+4
0x020F	0x3474 ;?ICS?lstr4_MyProject+5
0x0210	0x343A ;?ICS?lstr4_MyProject+6
0x0211	0x3420 ;?ICS?lstr4_MyProject+7
0x0212	0x3435 ;?ICS?lstr4_MyProject+8
0x0213	0x3456 ;?ICS?lstr4_MyProject+9
0x0214	0x3400 ;?ICS?lstr4_MyProject+10
; end of ?ICS?lstr4_MyProject
;MyProject.c,0 :: ?ICS?lstr6_MyProject
0x0215	0x3474 ;?ICS?lstr6_MyProject+0
0x0216	0x3468 ;?ICS?lstr6_MyProject+1
0x0217	0x3465 ;?ICS?lstr6_MyProject+2
0x0218	0x3420 ;?ICS?lstr6_MyProject+3
0x0219	0x3443 ;?ICS?lstr6_MyProject+4
0x021A	0x3469 ;?ICS?lstr6_MyProject+5
0x021B	0x3472 ;?ICS?lstr6_MyProject+6
0x021C	0x3463 ;?ICS?lstr6_MyProject+7
0x021D	0x3475 ;?ICS?lstr6_MyProject+8
0x021E	0x3469 ;?ICS?lstr6_MyProject+9
0x021F	0x3474 ;?ICS?lstr6_MyProject+10
0x0220	0x3420 ;?ICS?lstr6_MyProject+11
0x0221	0x3469 ;?ICS?lstr6_MyProject+12
0x0222	0x3473 ;?ICS?lstr6_MyProject+13
0x0223	0x3420 ;?ICS?lstr6_MyProject+14
0x0224	0x3472 ;?ICS?lstr6_MyProject+15
0x0225	0x3465 ;?ICS?lstr6_MyProject+16
0x0226	0x3461 ;?ICS?lstr6_MyProject+17
0x0227	0x3464 ;?ICS?lstr6_MyProject+18
0x0228	0x3479 ;?ICS?lstr6_MyProject+19
0x0229	0x3420 ;?ICS?lstr6_MyProject+20
0x022A	0x3474 ;?ICS?lstr6_MyProject+21
0x022B	0x346F ;?ICS?lstr6_MyProject+22
0x022C	0x3420 ;?ICS?lstr6_MyProject+23
0x022D	0x3475 ;?ICS?lstr6_MyProject+24
0x022E	0x3473 ;?ICS?lstr6_MyProject+25
0x022F	0x3465 ;?ICS?lstr6_MyProject+26
0x0230	0x3400 ;?ICS?lstr6_MyProject+27
; end of ?ICS?lstr6_MyProject
;MyProject.c,0 :: ?ICS?lstr3_MyProject
0x0231	0x344F ;?ICS?lstr3_MyProject+0
0x0232	0x3475 ;?ICS?lstr3_MyProject+1
0x0233	0x3474 ;?ICS?lstr3_MyProject+2
0x0234	0x3470 ;?ICS?lstr3_MyProject+3
0x0235	0x3475 ;?ICS?lstr3_MyProject+4
0x0236	0x3474 ;?ICS?lstr3_MyProject+5
0x0237	0x343A ;?ICS?lstr3_MyProject+6
0x0238	0x3420 ;?ICS?lstr3_MyProject+7
0x0239	0x3439 ;?ICS?lstr3_MyProject+8
0x023A	0x3456 ;?ICS?lstr3_MyProject+9
0x023B	0x3400 ;?ICS?lstr3_MyProject+10
; end of ?ICS?lstr3_MyProject
;MyProject.c,0 :: ?ICS?lstr2_MyProject
0x023C	0x344F ;?ICS?lstr2_MyProject+0
0x023D	0x3475 ;?ICS?lstr2_MyProject+1
0x023E	0x3474 ;?ICS?lstr2_MyProject+2
0x023F	0x3470 ;?ICS?lstr2_MyProject+3
0x0240	0x3475 ;?ICS?lstr2_MyProject+4
0x0241	0x3474 ;?ICS?lstr2_MyProject+5
0x0242	0x343A ;?ICS?lstr2_MyProject+6
0x0243	0x3420 ;?ICS?lstr2_MyProject+7
0x0244	0x3431 ;?ICS?lstr2_MyProject+8
0x0245	0x3432 ;?ICS?lstr2_MyProject+9
0x0246	0x3456 ;?ICS?lstr2_MyProject+10
0x0247	0x3400 ;?ICS?lstr2_MyProject+11
; end of ?ICS?lstr2_MyProject
Symbol List:
//** Routines locations **
//ADDRESS    SIZE    PROCEDURE
//----------------------------------------------
0x0003       [7]    _Delay_50us
0x000A      [13]    _Delay_5500us
0x0017       [3]    _Delay_1us
0x001A      [94]    _Lcd_Cmd
0x0078       [7]    _____DoICP
0x007F       [9]    _Lcd_Chr_CP
0x0088      [79]    _Lcd_Init
0x00D7      [65]    _Lcd_Out
0x0118      [12]    ___CC2DW
0x0124     [183]    _main
//** Variables locations ** 
//ADDRESS    SIZE    VARIABLE
//----------------------------------------------
0x0000       [1]    INDF
0x0002       [1]    PCL
0x0003       [1]    STATUS
0x0004       [1]    FSR
0x0005       [1]    PORTA
0x0006       [1]    PORTB
0x0007       [0]    RC4_bit
0x0007       [0]    RC3_bit
0x0007       [0]    LCD_RS
0x0007       [0]    RC5_bit
0x0007       [0]    RC0_bit
0x0007       [0]    RC2_bit
0x0007       [0]    RC1_bit
0x0007       [0]    LCD_D7
0x0007       [0]    LCD_D6
0x0007       [0]    LCD_D5
0x0007       [0]    LCD_EN
0x0007       [0]    LCD_D4
0x000A       [1]    PCLATH
0x0020      [28]    ?lstr1_MyProject
0x003C      [13]    ?lstr5_MyProject
0x0049      [11]    ?lstr4_MyProject
0x0054      [28]    ?lstr6_MyProject
0x0070       [1]    R0
0x0071       [1]    R1
0x0072       [1]    R2
0x0073       [1]    R3
0x0074       [1]    R4
0x0075       [1]    R5
0x0076       [1]    R6
0x0077       [1]    R7
0x0078       [1]    R8
0x0079       [1]    R9
0x007A       [1]    R10
0x007B       [1]    R11
0x007C       [1]    R12
0x007D       [1]    R13
0x007E       [1]    R14
0x007F       [1]    R15
0x0085       [1]    TRISA
0x0086       [1]    TRISB
0x0087       [0]    LCD_D7_Direction
0x0087       [1]    TRISC
0x0087       [0]    LCD_D6_Direction
0x0087       [0]    TRISC2_bit
0x0087       [0]    TRISC1_bit
0x0087       [0]    TRISC3_bit
0x0087       [0]    TRISC5_bit
0x0087       [0]    TRISC4_bit
0x0087       [0]    LCD_EN_Direction
0x0087       [0]    TRISC0_bit
0x0087       [0]    LCD_RS_Direction
0x0087       [0]    LCD_D5_Direction
0x0087       [0]    LCD_D4_Direction
0x009F       [1]    ADCON1
0x00A0      [11]    ?lstr3_MyProject
0x00AB      [12]    ?lstr2_MyProject
0x00B7       [2]    ___DoICPAddr
0x00B9       [0]    __Lib_Lcd_cmd_status
0x00BA       [1]    FARG_Lcd_Out_row
0x00BB       [1]    FARG_Lcd_Out_column
0x00BC       [1]    FARG_Lcd_Out_text
0x00BD       [1]    Lcd_Out_i_L0
0x00BE       [1]    FARG_Lcd_Chr_CP_out_char
0x00BF       [1]    FARG_Lcd_Cmd_out_char
//** Constants locations ** 
//ADDRESS    SIZE    CONSTANT
//----------------------------------------------
0x01E1      [28]    ?ICS?lstr1_MyProject
0x01FD      [13]    ?ICS?lstr5_MyProject
0x020A      [11]    ?ICS?lstr4_MyProject
0x0215      [28]    ?ICS?lstr6_MyProject
0x0231      [11]    ?ICS?lstr3_MyProject
0x023C      [12]    ?ICS?lstr2_MyProject
